<?xml version="1.0" encoding="UTF-8"?>
<!-- Generated by org.testng.reporters.JUnitReportReporter -->
<testsuite hostname="LAPTOP-TOI63QB6" failures="0" tests="4" name="TestNG.DataProvider.Test1" time="0.142" errors="0" timestamp="07 Feb 2022 15:36:12 GMT" skipped="0">
  <testcase classname="TestNG.DataProvider.Test1" name="TC1_1" time="0.119"/>
  <testcase classname="TestNG.DataProvider.Test1" name="TC1_4" time="0.015"/>
  <testcase classname="TestNG.DataProvider.Test1" name="TC1_3" time="0.005"/>
  <testcase classname="TestNG.DataProvider.Test1" name="TC1_2" time="0.003"/>
</testsuite> <!-- TestNG.DataProvider.Test1 -->
