<?xml version="1.0" encoding="UTF-8"?>
<!-- Generated by org.testng.reporters.JUnitReportReporter -->
<testsuite hostname="LAPTOP-TOI63QB6" failures="0" tests="4" name="TestNG.DataProvider.Test2" time="0.159" errors="0" timestamp="07 Feb 2022 15:36:12 GMT" skipped="0">
  <testcase classname="TestNG.DataProvider.Test2" name="TC2_4" time="0.007"/>
  <testcase classname="TestNG.DataProvider.Test2" name="TC2_1" time="0.119"/>
  <testcase classname="TestNG.DataProvider.Test2" name="TC2_3" time="0.028"/>
  <testcase classname="TestNG.DataProvider.Test2" name="TC2_2" time="0.005"/>
</testsuite> <!-- TestNG.DataProvider.Test2 -->
