<?xml version="1.0" encoding="UTF-8"?>
<!-- Generated by org.testng.reporters.JUnitReportReporter -->
<testsuite hostname="LAPTOP-TOI63QB6" failures="0" tests="4" name="TestNG.DataProvider.Test4" time="0.027" errors="0" timestamp="07 Feb 2022 15:36:12 GMT" skipped="0">
  <testcase classname="TestNG.DataProvider.Test4" name="TC4_2" time="0.005"/>
  <testcase classname="TestNG.DataProvider.Test4" name="TC4_1" time="0.012"/>
  <testcase classname="TestNG.DataProvider.Test4" name="TC4_4" time="0.005"/>
  <testcase classname="TestNG.DataProvider.Test4" name="TC4_3" time="0.005"/>
</testsuite> <!-- TestNG.DataProvider.Test4 -->
